0 info it worked if it ends with ok
1 verbose cli [ 'node', '/usr/local/bin/npm', 'v' ]
2 info using npm@2.10.1
3 info using node@v0.12.4
4 verbose stack Error: Invalid package.json
4 verbose stack     at /usr/local/lib/node_modules/npm/lib/view.js:77:30
4 verbose stack     at /usr/local/lib/node_modules/npm/node_modules/read-package-json/read-json.js:79:21
4 verbose stack     at evalmachine.<anonymous>:263:20
4 verbose stack     at OpenReq.Req.done (/usr/local/lib/node_modules/npm/node_modules/graceful-fs/graceful-fs.js:141:5)
4 verbose stack     at OpenReq.done (/usr/local/lib/node_modules/npm/node_modules/graceful-fs/graceful-fs.js:61:22)
4 verbose stack     at FSReqWrap.oncomplete (evalmachine.<anonymous>:95:15)
5 verbose cwd /Users/andresgalante/Documents/andresgalante.github.io
6 error Darwin 15.0.0
7 error argv "node" "/usr/local/bin/npm" "v"
8 error node v0.12.4
9 error npm  v2.10.1
10 error Invalid package.json
11 error If you need help, you may report this error at:
11 error     <https://github.com/npm/npm/issues>
12 verbose exit [ 1, true ]
